<?xml version="1.0" encoding="UTF-8"?>
<testsuite name="tourGuide.TestPerformance" tests="1" skipped="0" failures="0" errors="0" timestamp="2022-05-10T16:16:40" hostname="MacBook-Air-de-Sandra.local" time="3.145">
  <properties/>
  <testcase name="highVolumeTrackLocation" classname="tourGuide.TestPerformance" time="3.145"/>
  <system-out><![CDATA[18:16:28.458 [Test worker] DEBUG org.springframework.test.context.junit4.SpringJUnit4ClassRunner - SpringJUnit4ClassRunner constructor called with [class tourGuide.TestPerformance]
18:16:28.471 [Test worker] DEBUG org.springframework.test.context.BootstrapUtils - Instantiating CacheAwareContextLoaderDelegate from class [org.springframework.test.context.cache.DefaultCacheAwareContextLoaderDelegate]
18:16:28.496 [Test worker] DEBUG org.springframework.test.context.BootstrapUtils - Instantiating BootstrapContext using constructor [public org.springframework.test.context.support.DefaultBootstrapContext(java.lang.Class,org.springframework.test.context.CacheAwareContextLoaderDelegate)]
18:16:28.557 [Test worker] DEBUG org.springframework.test.context.BootstrapUtils - Instantiating TestContextBootstrapper for test class [tourGuide.TestPerformance] from class [org.springframework.boot.test.context.SpringBootTestContextBootstrapper]
18:16:28.589 [Test worker] INFO org.springframework.boot.test.context.SpringBootTestContextBootstrapper - Neither @ContextConfiguration nor @ContextHierarchy found for test class [tourGuide.TestPerformance], using SpringBootContextLoader
18:16:28.599 [Test worker] DEBUG org.springframework.test.context.support.AbstractContextLoader - Did not detect default resource location for test class [tourGuide.TestPerformance]: class path resource [tourGuide/TestPerformance-context.xml] does not exist
18:16:28.605 [Test worker] DEBUG org.springframework.test.context.support.AbstractContextLoader - Did not detect default resource location for test class [tourGuide.TestPerformance]: class path resource [tourGuide/TestPerformanceContext.groovy] does not exist
18:16:28.608 [Test worker] INFO org.springframework.test.context.support.AbstractContextLoader - Could not detect default resource locations for test class [tourGuide.TestPerformance]: no resource found for suffixes {-context.xml, Context.groovy}.
18:16:28.611 [Test worker] INFO org.springframework.test.context.support.AnnotationConfigContextLoaderUtils - Could not detect default configuration classes for test class [tourGuide.TestPerformance]: TestPerformance does not declare any static, non-private, non-final, nested classes annotated with @Configuration.
18:16:28.883 [Test worker] DEBUG org.springframework.context.annotation.ClassPathScanningCandidateComponentProvider - Identified candidate component class: file [/Users/smaysonnave/Desktop/P8_TourGuide/api-tourguide/build/classes/java/main/tourGuide/Application.class]
18:16:28.890 [Test worker] INFO org.springframework.boot.test.context.SpringBootTestContextBootstrapper - Found @SpringBootConfiguration tourGuide.Application for test class tourGuide.TestPerformance
18:16:29.057 [Test worker] DEBUG org.springframework.boot.test.context.SpringBootTestContextBootstrapper - @TestExecutionListeners is not present for class [tourGuide.TestPerformance]: using defaults.
18:16:29.058 [Test worker] INFO org.springframework.boot.test.context.SpringBootTestContextBootstrapper - Loaded default TestExecutionListener class names from location [META-INF/spring.factories]: [org.springframework.boot.test.autoconfigure.restdocs.RestDocsTestExecutionListener, org.springframework.boot.test.autoconfigure.web.client.MockRestServiceServerResetTestExecutionListener, org.springframework.boot.test.autoconfigure.web.servlet.MockMvcPrintOnlyOnFailureTestExecutionListener, org.springframework.boot.test.autoconfigure.web.servlet.WebDriverTestExecutionListener, org.springframework.boot.test.mock.mockito.MockitoTestExecutionListener, org.springframework.boot.test.mock.mockito.ResetMocksTestExecutionListener, org.springframework.test.context.web.ServletTestExecutionListener, org.springframework.test.context.support.DirtiesContextBeforeModesTestExecutionListener, org.springframework.test.context.support.DependencyInjectionTestExecutionListener, org.springframework.test.context.support.DirtiesContextTestExecutionListener, org.springframework.test.context.transaction.TransactionalTestExecutionListener, org.springframework.test.context.jdbc.SqlScriptsTestExecutionListener]
18:16:29.081 [Test worker] DEBUG org.springframework.boot.test.context.SpringBootTestContextBootstrapper - Skipping candidate TestExecutionListener [org.springframework.test.context.transaction.TransactionalTestExecutionListener] due to a missing dependency. Specify custom listener classes or make the default listener classes and their required dependencies available. Offending class: [org.springframework.transaction.interceptor.TransactionAttributeSource]
18:16:29.084 [Test worker] DEBUG org.springframework.boot.test.context.SpringBootTestContextBootstrapper - Skipping candidate TestExecutionListener [org.springframework.test.context.jdbc.SqlScriptsTestExecutionListener] due to a missing dependency. Specify custom listener classes or make the default listener classes and their required dependencies available. Offending class: [org.springframework.transaction.interceptor.TransactionAttribute]
18:16:29.085 [Test worker] INFO org.springframework.boot.test.context.SpringBootTestContextBootstrapper - Using TestExecutionListeners: [org.springframework.test.context.web.ServletTestExecutionListener@d3aa2295, org.springframework.test.context.support.DirtiesContextBeforeModesTestExecutionListener@9b5ee5f7, org.springframework.boot.test.mock.mockito.MockitoTestExecutionListener@5321b4ac, org.springframework.boot.test.autoconfigure.SpringBootDependencyInjectionTestExecutionListener@7b27d561, org.springframework.test.context.support.DirtiesContextTestExecutionListener@46009e66, org.springframework.boot.test.autoconfigure.restdocs.RestDocsTestExecutionListener@d69b2a69, org.springframework.boot.test.autoconfigure.web.client.MockRestServiceServerResetTestExecutionListener@391d1551, org.springframework.boot.test.autoconfigure.web.servlet.MockMvcPrintOnlyOnFailureTestExecutionListener@571b9bb9, org.springframework.boot.test.autoconfigure.web.servlet.WebDriverTestExecutionListener@b7273a36, org.springframework.boot.test.mock.mockito.ResetMocksTestExecutionListener@13504b2a]
18:16:29.090 [Test worker] DEBUG org.springframework.test.annotation.ProfileValueUtils - Retrieved @ProfileValueSourceConfiguration [null] for test class [tourGuide.TestPerformance]
18:16:29.092 [Test worker] DEBUG org.springframework.test.annotation.ProfileValueUtils - Retrieved ProfileValueSource type [class org.springframework.test.annotation.SystemProfileValueSource] for class [tourGuide.TestPerformance]
18:16:29.099 [Test worker] DEBUG org.springframework.test.annotation.ProfileValueUtils - Retrieved @ProfileValueSourceConfiguration [null] for test class [tourGuide.TestPerformance]
18:16:29.099 [Test worker] DEBUG org.springframework.test.annotation.ProfileValueUtils - Retrieved ProfileValueSource type [class org.springframework.test.annotation.SystemProfileValueSource] for class [tourGuide.TestPerformance]
18:16:29.101 [Test worker] DEBUG org.springframework.test.annotation.ProfileValueUtils - Retrieved @ProfileValueSourceConfiguration [null] for test class [tourGuide.TestPerformance]
18:16:29.102 [Test worker] DEBUG org.springframework.test.annotation.ProfileValueUtils - Retrieved ProfileValueSource type [class org.springframework.test.annotation.SystemProfileValueSource] for class [tourGuide.TestPerformance]
18:16:29.108 [Test worker] DEBUG org.springframework.test.context.support.AbstractDirtiesContextTestExecutionListener - Before test class: context [DefaultTestContext@f4cd4074 testClass = TestPerformance, testInstance = [null], testMethod = [null], testException = [null], mergedContextConfiguration = [WebMergedContextConfiguration@ee878bf8 testClass = TestPerformance, locations = '{}', classes = '{class tourGuide.Application}', contextInitializerClasses = '[]', activeProfiles = '{test}', propertySourceLocations = '{}', propertySourceProperties = '{org.springframework.boot.test.context.SpringBootTestContextBootstrapper=true}', contextCustomizers = set[org.springframework.boot.test.autoconfigure.properties.PropertyMappingContextCustomizer@0, org.springframework.boot.test.autoconfigure.web.servlet.WebDriverContextCustomizerFactory$Customizer@10da01dc, org.springframework.boot.test.context.filter.ExcludeFilterContextCustomizer@775fde15, org.springframework.boot.test.json.DuplicateJsonObjectContextCustomizerFactory$DuplicateJsonObjectContextCustomizer@abdbb8c2, org.springframework.boot.test.mock.mockito.MockitoContextCustomizer@0, org.springframework.boot.test.web.client.TestRestTemplateContextCustomizer@1f2da971], resourceBasePath = 'src/main/webapp', contextLoader = 'org.springframework.boot.test.context.SpringBootContextLoader', parent = [null]], attributes = map['org.springframework.test.context.web.ServletTestExecutionListener.activateListener' -> true]], class annotated with @DirtiesContext [false] with mode [null].
18:16:29.113 [Test worker] DEBUG org.springframework.test.annotation.ProfileValueUtils - Retrieved @ProfileValueSourceConfiguration [null] for test class [tourGuide.TestPerformance]
18:16:29.114 [Test worker] DEBUG org.springframework.test.annotation.ProfileValueUtils - Retrieved ProfileValueSource type [class org.springframework.test.annotation.SystemProfileValueSource] for class [tourGuide.TestPerformance]
18:16:29.164 [Test worker] DEBUG org.springframework.test.context.support.TestPropertySourceUtils - Adding inlined properties to environment: {spring.jmx.enabled=false, org.springframework.boot.test.context.SpringBootTestContextBootstrapper=true, server.port=-1}

  .   ____          _            __ _ _
 /\\ / ___'_ __ _ _(_)_ __  __ _ \ \ \ \
( ( )\___ | '_ | '_| | '_ \/ _` | \ \ \ \
 \\/  ___)| |_)| | | | | || (_| |  ) ) ) )
  '  |____| .__|_| |_|_| |_\__, | / / / /
 =========|_|==============|___/=/_/_/_/
 :: Spring Boot ::        (v2.1.6.RELEASE)

2022-05-10 18:16:30.632  INFO 36835 --- [    Test worker] c.c.c.ConfigServicePropertySourceLocator : Fetching config from server at : http://localhost:8888
2022-05-10 18:16:30.774  INFO 36835 --- [    Test worker] c.c.c.ConfigServicePropertySourceLocator : Connect Timeout Exception on Url - http://localhost:8888. Will be trying the next url if available
2022-05-10 18:16:30.774  WARN 36835 --- [    Test worker] c.c.c.ConfigServicePropertySourceLocator : Could not locate PropertySource: I/O error on GET request for "http://localhost:8888/api-tourguide/test": Connection refused (Connection refused); nested exception is java.net.ConnectException: Connection refused (Connection refused)
2022-05-10 18:16:30.788  INFO 36835 --- [    Test worker] tourGuide.TestPerformance                : The following profiles are active: test
2022-05-10 18:16:33.595  INFO 36835 --- [    Test worker] o.s.cloud.context.scope.GenericScope     : BeanFactory id=1f4509e6-71b7-3791-8f93-4f8319d28dd1
2022-05-10 18:16:34.652  INFO 36835 --- [    Test worker] trationDelegate$BeanPostProcessorChecker : Bean 'tourGuide.client.GpsClient' of type [org.springframework.cloud.openfeign.FeignClientFactoryBean] is not eligible for getting processed by all BeanPostProcessors (for example: not eligible for auto-proxying)
2022-05-10 18:16:34.654  INFO 36835 --- [    Test worker] trationDelegate$BeanPostProcessorChecker : Bean 'tourGuide.client.RewardClient' of type [org.springframework.cloud.openfeign.FeignClientFactoryBean] is not eligible for getting processed by all BeanPostProcessors (for example: not eligible for auto-proxying)
2022-05-10 18:16:34.655  INFO 36835 --- [    Test worker] trationDelegate$BeanPostProcessorChecker : Bean 'tourGuide.client.TripClient' of type [org.springframework.cloud.openfeign.FeignClientFactoryBean] is not eligible for getting processed by all BeanPostProcessors (for example: not eligible for auto-proxying)
2022-05-10 18:16:36.649  WARN 36835 --- [    Test worker] c.n.c.sources.URLConfigurationSource     : No URLs will be polled as dynamic configuration sources.
2022-05-10 18:16:36.650  INFO 36835 --- [    Test worker] c.n.c.sources.URLConfigurationSource     : To enable URLs as dynamic configuration sources, define System property archaius.configurationSource.additionalUrls or make config.properties available on classpath.
2022-05-10 18:16:36.663  WARN 36835 --- [    Test worker] c.n.c.sources.URLConfigurationSource     : No URLs will be polled as dynamic configuration sources.
2022-05-10 18:16:36.664  INFO 36835 --- [    Test worker] c.n.c.sources.URLConfigurationSource     : To enable URLs as dynamic configuration sources, define System property archaius.configurationSource.additionalUrls or make config.properties available on classpath.
2022-05-10 18:16:37.163  INFO 36835 --- [    Test worker] o.s.s.concurrent.ThreadPoolTaskExecutor  : Initializing ExecutorService 'applicationTaskExecutor'
2022-05-10 18:16:39.654  INFO 36835 --- [    Test worker] o.s.b.a.e.web.EndpointLinksResolver      : Exposing 2 endpoint(s) beneath base path '/actuator'
2022-05-10 18:16:39.945  INFO 36835 --- [    Test worker] tourGuide.TestPerformance                : Started TestPerformance in 10.765 seconds (JVM running for 12.673)
2022-05-10 18:16:40.399  INFO 36835 --- [    Test worker] tourGuide.service.TourGuideService       : TestMode enabled
2022-05-10 18:16:40.402 DEBUG 36835 --- [    Test worker] tourGuide.service.TourGuideService       : Initializing users
2022-05-10 18:16:40.457  INFO 36835 --- [    Test worker] o.j.m.DefaultMonetaryContextFactory      : Using custom MathContext: precision=256, roundingMode=HALF_EVEN
2022-05-10 18:16:40.510 DEBUG 36835 --- [    Test worker] tourGuide.service.TourGuideService       : Created 100 internal test users.
2022-05-10 18:16:40.511 DEBUG 36835 --- [    Test worker] tourGuide.service.TourGuideService       : Finished initializing users
2022-05-10 18:16:40.523 DEBUG 36835 --- [pool-4-thread-1] tourGuide.tracker.Tracker                : Begin Tracker. Tracking 100 users.
2022-05-10 18:16:40.530 DEBUG 36835 --- [pool-5-thread-7] tourGuide.TestPerformance                : test
2022-05-10 18:16:40.533 DEBUG 36835 --- [pool-5-thread-8] tourGuide.TestPerformance                : test
2022-05-10 18:16:40.537 DEBUG 36835 --- [pool-5-thread-9] tourGuide.TestPerformance                : test
2022-05-10 18:16:40.531 DEBUG 36835 --- [pool-5-thread-5] tourGuide.TestPerformance                : test
2022-05-10 18:16:40.530 DEBUG 36835 --- [pool-5-thread-2] tourGuide.TestPerformance                : test
2022-05-10 18:16:40.531 DEBUG 36835 --- [pool-3-thread-1] tourGuide.service.TourGuideService       : TourGuideService.trackUserLocation
2022-05-10 18:16:40.537 DEBUG 36835 --- [ool-5-thread-10] tourGuide.TestPerformance                : test
2022-05-10 18:16:40.534 DEBUG 36835 --- [pool-5-thread-6] tourGuide.TestPerformance                : test
2022-05-10 18:16:40.530 DEBUG 36835 --- [pool-5-thread-1] tourGuide.TestPerformance                : test
2022-05-10 18:16:40.531 DEBUG 36835 --- [pool-5-thread-4] tourGuide.TestPerformance                : test
2022-05-10 18:16:40.531 DEBUG 36835 --- [pool-5-thread-3] tourGuide.TestPerformance                : test
2022-05-10 18:16:41.443 DEBUG 36835 --- [pool-5-thread-9] tourGuide.TestPerformance                : test
2022-05-10 18:16:41.443 DEBUG 36835 --- [pool-5-thread-8] tourGuide.TestPerformance                : test
2022-05-10 18:16:41.446 DEBUG 36835 --- [pool-5-thread-6] tourGuide.TestPerformance                : test
2022-05-10 18:16:41.444 DEBUG 36835 --- [pool-5-thread-3] tourGuide.TestPerformance                : test
2022-05-10 18:16:41.443 DEBUG 36835 --- [pool-5-thread-1] tourGuide.TestPerformance                : test
2022-05-10 18:16:41.446 DEBUG 36835 --- [ool-5-thread-10] tourGuide.TestPerformance                : test
2022-05-10 18:16:41.444 DEBUG 36835 --- [pool-5-thread-5] tourGuide.TestPerformance                : test
2022-05-10 18:16:41.748 DEBUG 36835 --- [pool-5-thread-8] tourGuide.TestPerformance                : test
2022-05-10 18:16:41.749 DEBUG 36835 --- [pool-5-thread-3] tourGuide.TestPerformance                : test
2022-05-10 18:16:41.756 DEBUG 36835 --- [pool-5-thread-9] tourGuide.TestPerformance                : test
2022-05-10 18:16:41.757 DEBUG 36835 --- [pool-5-thread-5] tourGuide.TestPerformance                : test
2022-05-10 18:16:41.796 DEBUG 36835 --- [pool-5-thread-6] tourGuide.TestPerformance                : test
2022-05-10 18:16:41.802 DEBUG 36835 --- [ool-5-thread-10] tourGuide.TestPerformance                : test
2022-05-10 18:16:41.802 DEBUG 36835 --- [pool-5-thread-1] tourGuide.TestPerformance                : test
2022-05-10 18:16:41.925 DEBUG 36835 --- [pool-5-thread-5] tourGuide.TestPerformance                : test
2022-05-10 18:16:41.934 DEBUG 36835 --- [pool-5-thread-8] tourGuide.TestPerformance                : test
2022-05-10 18:16:41.940 DEBUG 36835 --- [pool-5-thread-1] tourGuide.TestPerformance                : test
2022-05-10 18:16:41.940 DEBUG 36835 --- [pool-5-thread-3] tourGuide.TestPerformance                : test
2022-05-10 18:16:41.958 DEBUG 36835 --- [pool-5-thread-9] tourGuide.TestPerformance                : test
2022-05-10 18:16:41.985 DEBUG 36835 --- [pool-5-thread-6] tourGuide.TestPerformance                : test
2022-05-10 18:16:42.003 DEBUG 36835 --- [ool-5-thread-10] tourGuide.TestPerformance                : test
2022-05-10 18:16:42.050 DEBUG 36835 --- [pool-5-thread-5] tourGuide.TestPerformance                : test
2022-05-10 18:16:42.050 DEBUG 36835 --- [pool-5-thread-1] tourGuide.TestPerformance                : test
2022-05-10 18:16:42.054 DEBUG 36835 --- [pool-5-thread-8] tourGuide.TestPerformance                : test
2022-05-10 18:16:42.075 DEBUG 36835 --- [pool-5-thread-3] tourGuide.TestPerformance                : test
2022-05-10 18:16:42.076 DEBUG 36835 --- [pool-5-thread-9] tourGuide.TestPerformance                : test
2022-05-10 18:16:42.082 DEBUG 36835 --- [pool-5-thread-6] tourGuide.TestPerformance                : test
2022-05-10 18:16:42.114 DEBUG 36835 --- [ool-5-thread-10] tourGuide.TestPerformance                : test
2022-05-10 18:16:42.124 DEBUG 36835 --- [pool-5-thread-7] tourGuide.TestPerformance                : test
2022-05-10 18:16:42.125 DEBUG 36835 --- [pool-5-thread-4] tourGuide.TestPerformance                : test
2022-05-10 18:16:42.130 DEBUG 36835 --- [pool-5-thread-2] tourGuide.TestPerformance                : test
2022-05-10 18:16:42.131 DEBUG 36835 --- [onPool-worker-1] tourGuide.service.RewardsService         : RewardsService.calculateRewards
2022-05-10 18:16:42.138 DEBUG 36835 --- [pool-3-thread-2] tourGuide.service.TourGuideService       : TourGuideService.trackUserLocation
2022-05-10 18:16:42.166 DEBUG 36835 --- [pool-5-thread-8] tourGuide.TestPerformance                : test
2022-05-10 18:16:42.173 DEBUG 36835 --- [pool-5-thread-1] tourGuide.TestPerformance                : test
2022-05-10 18:16:42.175 DEBUG 36835 --- [pool-5-thread-5] tourGuide.TestPerformance                : test
2022-05-10 18:16:42.184 DEBUG 36835 --- [pool-5-thread-9] tourGuide.TestPerformance                : test
2022-05-10 18:16:42.191 DEBUG 36835 --- [pool-5-thread-6] tourGuide.TestPerformance                : test
2022-05-10 18:16:42.206 DEBUG 36835 --- [pool-5-thread-3] tourGuide.TestPerformance                : test
2022-05-10 18:16:42.207 DEBUG 36835 --- [pool-5-thread-7] tourGuide.TestPerformance                : test
2022-05-10 18:16:42.207 DEBUG 36835 --- [ool-5-thread-10] tourGuide.TestPerformance                : test
2022-05-10 18:16:42.238 DEBUG 36835 --- [pool-5-thread-5] tourGuide.TestPerformance                : test
2022-05-10 18:16:42.239 DEBUG 36835 --- [pool-5-thread-1] tourGuide.TestPerformance                : test
2022-05-10 18:16:42.247 DEBUG 36835 --- [pool-5-thread-4] tourGuide.TestPerformance                : test
2022-05-10 18:16:42.254 DEBUG 36835 --- [pool-5-thread-6] tourGuide.TestPerformance                : test
2022-05-10 18:16:42.263 DEBUG 36835 --- [pool-5-thread-8] tourGuide.TestPerformance                : test
2022-05-10 18:16:42.265 DEBUG 36835 --- [onPool-worker-2] tourGuide.service.RewardsService         : RewardsService.calculateRewards
2022-05-10 18:16:42.267 DEBUG 36835 --- [pool-3-thread-3] tourGuide.service.TourGuideService       : TourGuideService.trackUserLocation
2022-05-10 18:16:42.272 DEBUG 36835 --- [pool-5-thread-2] tourGuide.TestPerformance                : test
2022-05-10 18:16:42.290 DEBUG 36835 --- [pool-5-thread-9] tourGuide.TestPerformance                : test
2022-05-10 18:16:42.332 DEBUG 36835 --- [pool-5-thread-7] tourGuide.TestPerformance                : test
2022-05-10 18:16:42.353 DEBUG 36835 --- [ool-5-thread-10] tourGuide.TestPerformance                : test
2022-05-10 18:16:42.366 DEBUG 36835 --- [pool-5-thread-3] tourGuide.TestPerformance                : test
2022-05-10 18:16:42.421 DEBUG 36835 --- [pool-5-thread-6] tourGuide.TestPerformance                : test
2022-05-10 18:16:42.436 DEBUG 36835 --- [pool-5-thread-5] tourGuide.TestPerformance                : test
2022-05-10 18:16:42.442 DEBUG 36835 --- [pool-5-thread-3] tourGuide.TestPerformance                : test
2022-05-10 18:16:42.457 DEBUG 36835 --- [pool-5-thread-2] tourGuide.TestPerformance                : test
2022-05-10 18:16:42.471 DEBUG 36835 --- [pool-5-thread-1] tourGuide.TestPerformance                : test
2022-05-10 18:16:42.474 DEBUG 36835 --- [pool-3-thread-4] tourGuide.service.TourGuideService       : TourGuideService.trackUserLocation
2022-05-10 18:16:42.473 DEBUG 36835 --- [onPool-worker-2] tourGuide.service.RewardsService         : RewardsService.calculateRewards
2022-05-10 18:16:42.480 DEBUG 36835 --- [pool-5-thread-8] tourGuide.TestPerformance                : test
2022-05-10 18:16:42.480 DEBUG 36835 --- [pool-5-thread-9] tourGuide.TestPerformance                : test
2022-05-10 18:16:42.486 DEBUG 36835 --- [pool-5-thread-4] tourGuide.TestPerformance                : test
2022-05-10 18:16:42.501 DEBUG 36835 --- [ool-5-thread-10] tourGuide.TestPerformance                : test
2022-05-10 18:16:42.546 DEBUG 36835 --- [pool-5-thread-6] tourGuide.TestPerformance                : test
2022-05-10 18:16:42.556 DEBUG 36835 --- [pool-5-thread-7] tourGuide.TestPerformance                : test
2022-05-10 18:16:42.558 DEBUG 36835 --- [pool-5-thread-3] tourGuide.TestPerformance                : test
2022-05-10 18:16:42.568 DEBUG 36835 --- [pool-5-thread-5] tourGuide.TestPerformance                : test
2022-05-10 18:16:42.593 DEBUG 36835 --- [onPool-worker-2] tourGuide.service.RewardsService         : RewardsService.calculateRewards
2022-05-10 18:16:42.594 DEBUG 36835 --- [pool-3-thread-5] tourGuide.service.TourGuideService       : TourGuideService.trackUserLocation
2022-05-10 18:16:42.607 DEBUG 36835 --- [pool-5-thread-8] tourGuide.TestPerformance                : test
2022-05-10 18:16:42.621 DEBUG 36835 --- [pool-5-thread-3] tourGuide.TestPerformance                : test
2022-05-10 18:16:42.630 DEBUG 36835 --- [pool-5-thread-2] tourGuide.TestPerformance                : test
2022-05-10 18:16:42.631 DEBUG 36835 --- [pool-5-thread-6] tourGuide.TestPerformance                : test
2022-05-10 18:16:42.648 DEBUG 36835 --- [pool-5-thread-1] tourGuide.TestPerformance                : test
2022-05-10 18:16:42.650 DEBUG 36835 --- [pool-5-thread-5] tourGuide.TestPerformance                : test
2022-05-10 18:16:42.674 DEBUG 36835 --- [pool-5-thread-9] tourGuide.TestPerformance                : test
2022-05-10 18:16:42.697 DEBUG 36835 --- [pool-5-thread-7] tourGuide.TestPerformance                : test
2022-05-10 18:16:42.700 DEBUG 36835 --- [ool-5-thread-10] tourGuide.TestPerformance                : test
2022-05-10 18:16:42.706 DEBUG 36835 --- [pool-5-thread-4] tourGuide.TestPerformance                : test
2022-05-10 18:16:42.711 DEBUG 36835 --- [pool-5-thread-8] tourGuide.TestPerformance                : test
2022-05-10 18:16:42.722 DEBUG 36835 --- [onPool-worker-2] tourGuide.service.RewardsService         : RewardsService.calculateRewards
2022-05-10 18:16:42.723 DEBUG 36835 --- [pool-3-thread-6] tourGuide.service.TourGuideService       : TourGuideService.trackUserLocation
2022-05-10 18:16:42.760 DEBUG 36835 --- [pool-5-thread-9] tourGuide.TestPerformance                : test
2022-05-10 18:16:42.761 DEBUG 36835 --- [pool-5-thread-1] tourGuide.TestPerformance                : test
2022-05-10 18:16:42.765 DEBUG 36835 --- [pool-5-thread-4] tourGuide.TestPerformance                : test
2022-05-10 18:16:42.773 DEBUG 36835 --- [pool-5-thread-7] tourGuide.TestPerformance                : test
2022-05-10 18:16:42.784 DEBUG 36835 --- [pool-5-thread-2] tourGuide.TestPerformance                : test
2022-05-10 18:16:42.794 DEBUG 36835 --- [pool-5-thread-5] tourGuide.TestPerformance                : test
2022-05-10 18:16:42.794 DEBUG 36835 --- [pool-5-thread-8] tourGuide.TestPerformance                : test
2022-05-10 18:16:42.801 DEBUG 36835 --- [pool-5-thread-6] tourGuide.TestPerformance                : test
2022-05-10 18:16:42.802 DEBUG 36835 --- [ool-5-thread-10] tourGuide.TestPerformance                : test
2022-05-10 18:16:42.819 DEBUG 36835 --- [pool-5-thread-3] tourGuide.TestPerformance                : test
2022-05-10 18:16:42.826 DEBUG 36835 --- [pool-5-thread-9] tourGuide.TestPerformance                : test
2022-05-10 18:16:42.837 DEBUG 36835 --- [pool-5-thread-4] tourGuide.TestPerformance                : test
2022-05-10 18:16:42.838 DEBUG 36835 --- [onPool-worker-2] tourGuide.service.RewardsService         : RewardsService.calculateRewards
2022-05-10 18:16:42.839 DEBUG 36835 --- [pool-3-thread-7] tourGuide.service.TourGuideService       : TourGuideService.trackUserLocation
2022-05-10 18:16:42.864 DEBUG 36835 --- [ool-5-thread-10] tourGuide.TestPerformance                : test
2022-05-10 18:16:42.873 DEBUG 36835 --- [pool-5-thread-2] tourGuide.TestPerformance                : test
2022-05-10 18:16:42.875 DEBUG 36835 --- [pool-5-thread-7] tourGuide.TestPerformance                : test
2022-05-10 18:16:42.889 DEBUG 36835 --- [pool-5-thread-3] tourGuide.TestPerformance                : test
2022-05-10 18:16:42.899 DEBUG 36835 --- [pool-5-thread-1] tourGuide.TestPerformance                : test
2022-05-10 18:16:42.940 DEBUG 36835 --- [onPool-worker-2] tourGuide.service.RewardsService         : RewardsService.calculateRewards
2022-05-10 18:16:42.941 DEBUG 36835 --- [pool-3-thread-8] tourGuide.service.TourGuideService       : TourGuideService.trackUserLocation
2022-05-10 18:16:42.995 DEBUG 36835 --- [onPool-worker-2] tourGuide.service.RewardsService         : RewardsService.calculateRewards
2022-05-10 18:16:42.995 DEBUG 36835 --- [pool-3-thread-9] tourGuide.service.TourGuideService       : TourGuideService.trackUserLocation
highVolumeTrackLocation: Time Elapsed: 2 seconds.
2022-05-10 18:16:43.081 DEBUG 36835 --- [ool-3-thread-10] tourGuide.service.TourGuideService       : TourGuideService.trackUserLocation
2022-05-10 18:16:43.081 DEBUG 36835 --- [onPool-worker-2] tourGuide.service.RewardsService         : RewardsService.calculateRewards
]]></system-out>
  <system-err><![CDATA[]]></system-err>
</testsuite>
